<?xml version="1.0" encoding="UTF-8"?>
<!-- Generated by org.testng.reporters.JUnitReportReporter -->
<testsuite skipped="0" hostname="z-mac.local" name="tests.CreateUpdateBookingTest" tests="4" failures="1" timestamp="24 Nov 2025 00:38:28 GMT" time="11.924" errors="0">
  <testcase name="testUpdateBooking" time="0.628" classname="tests.CreateUpdateBookingTest"/>
  <testcase name="testGetBooking" time="3.253" classname="tests.CreateUpdateBookingTest"/>
  <testcase name="testCreateBooking" time="4.011" classname="tests.CreateUpdateBookingTest"/>
  <testcase name="testCreateBookingWithNoPrice" time="4.032" classname="tests.CreateUpdateBookingTest">
    <failure type="java.lang.AssertionError" message="1 expectation failed.
Response body doesn&#039;t match expectation.
Expected: The content to match the given JSON schema.
warning: format attribute &quot;date&quot; not supported
    level: &quot;warning&quot;
    schema: {&quot;loadingURI&quot;:&quot;file:/Users/nacer-zimu/IdeaProjects/APITesting/target/test-classes/schemas/bookingSchema.json#&quot;,&quot;pointer&quot;:&quot;/properties/booking/properties/bookingdates/properties/checkin&quot;}
    domain: &quot;validation&quot;
    keyword: &quot;format&quot;
    attribute: &quot;date&quot;
warning: format attribute &quot;date&quot; not supported
    level: &quot;warning&quot;
    schema: {&quot;loadingURI&quot;:&quot;file:/Users/nacer-zimu/IdeaProjects/APITesting/target/test-classes/schemas/bookingSchema.json#&quot;,&quot;pointer&quot;:&quot;/properties/booking/properties/bookingdates/properties/checkout&quot;}
    domain: &quot;validation&quot;
    keyword: &quot;format&quot;
    attribute: &quot;date&quot;
error: instance type (null) does not match any allowed primitive type (allowed: [&quot;integer&quot;,&quot;number&quot;])
    level: &quot;error&quot;
    schema: {&quot;loadingURI&quot;:&quot;file:/Users/nacer-zimu/IdeaProjects/APITesting/target/test-classes/schemas/bookingSchema.json#&quot;,&quot;pointer&quot;:&quot;/properties/booking/properties/totalprice&quot;}
    instance: {&quot;pointer&quot;:&quot;/booking/totalprice&quot;}
    domain: &quot;validation&quot;
    keyword: &quot;type&quot;
    found: &quot;null&quot;
    expected: [&quot;integer&quot;,&quot;number&quot;]

  Actual: {&quot;bookingid&quot;:3910,&quot;booking&quot;:{&quot;firstname&quot;:&quot;Ali&quot;,&quot;lastname&quot;:&quot;Nadim&quot;,&quot;totalprice&quot;:null,&quot;depositpaid&quot;:true,&quot;bookingdates&quot;:{&quot;checkin&quot;:&quot;2025-11-22&quot;,&quot;checkout&quot;:&quot;2025-11-25&quot;},&quot;additionalneeds&quot;:&quot;Breakfast&quot;}}
">
        <![CDATA[java.lang.AssertionError: 1 expectation failed.
Response body doesn't match expectation.
Expected: The content to match the given JSON schema.
warning: format attribute "date" not supported
    level: "warning"
    schema: {"loadingURI":"file:/Users/nacer-zimu/IdeaProjects/APITesting/target/test-classes/schemas/bookingSchema.json#","pointer":"/properties/booking/properties/bookingdates/properties/checkin"}
    domain: "validation"
    keyword: "format"
    attribute: "date"
warning: format attribute "date" not supported
    level: "warning"
    schema: {"loadingURI":"file:/Users/nacer-zimu/IdeaProjects/APITesting/target/test-classes/schemas/bookingSchema.json#","pointer":"/properties/booking/properties/bookingdates/properties/checkout"}
    domain: "validation"
    keyword: "format"
    attribute: "date"
error: instance type (null) does not match any allowed primitive type (allowed: ["integer","number"])
    level: "error"
    schema: {"loadingURI":"file:/Users/nacer-zimu/IdeaProjects/APITesting/target/test-classes/schemas/bookingSchema.json#","pointer":"/properties/booking/properties/totalprice"}
    instance: {"pointer":"/booking/totalprice"}
    domain: "validation"
    keyword: "type"
    found: "null"
    expected: ["integer","number"]

  Actual: {"bookingid":3910,"booking":{"firstname":"Ali","lastname":"Nadim","totalprice":null,"depositpaid":true,"bookingdates":{"checkin":"2025-11-22","checkout":"2025-11-25"},"additionalneeds":"Breakfast"}}

at sun.reflect.NativeConstructorAccessorImpl.newInstance0(Native Method)
at sun.reflect.NativeConstructorAccessorImpl.newInstance(NativeConstructorAccessorImpl.java:62)
at sun.reflect.DelegatingConstructorAccessorImpl.newInstance(DelegatingConstructorAccessorImpl.java:45)
at java.lang.reflect.Constructor.newInstance(Constructor.java:423)
at org.codehaus.groovy.reflection.CachedConstructor.invoke(CachedConstructor.java:72)
at org.codehaus.groovy.reflection.CachedConstructor.doConstructorInvoke(CachedConstructor.java:59)
at org.codehaus.groovy.runtime.callsite.ConstructorSite$ConstructorSiteNoUnwrap.callConstructor(ConstructorSite.java:84)
at org.codehaus.groovy.runtime.callsite.CallSiteArray.defaultCallConstructor(CallSiteArray.java:59)
at org.codehaus.groovy.runtime.callsite.AbstractCallSite.callConstructor(AbstractCallSite.java:263)
at org.codehaus.groovy.runtime.callsite.AbstractCallSite.callConstructor(AbstractCallSite.java:277)
at io.restassured.internal.ResponseSpecificationImpl$HamcrestAssertionClosure.validate(ResponseSpecificationImpl.groovy:493)
at io.restassured.internal.ResponseSpecificationImpl$HamcrestAssertionClosure$validate$1.call(Unknown Source)
at io.restassured.internal.ResponseSpecificationImpl.validateResponseIfRequired(ResponseSpecificationImpl.groovy:674)
at sun.reflect.NativeMethodAccessorImpl.invoke0(Native Method)
at sun.reflect.NativeMethodAccessorImpl.invoke(NativeMethodAccessorImpl.java:62)
at sun.reflect.DelegatingMethodAccessorImpl.invoke(DelegatingMethodAccessorImpl.java:43)
at java.lang.reflect.Method.invoke(Method.java:498)
at org.codehaus.groovy.runtime.callsite.PlainObjectMetaMethodSite.doInvoke(PlainObjectMetaMethodSite.java:43)
at org.codehaus.groovy.runtime.callsite.PogoMetaMethodSite$PogoCachedMethodSiteNoUnwrapNoCoerce.invoke(PogoMetaMethodSite.java:193)
at org.codehaus.groovy.runtime.callsite.PogoMetaMethodSite.callCurrent(PogoMetaMethodSite.java:61)
at org.codehaus.groovy.runtime.callsite.AbstractCallSite.callCurrent(AbstractCallSite.java:185)
at org.codehaus.groovy.runtime.callsite.AbstractCallSite.callCurrent(AbstractCallSite.java:183)
at io.restassured.internal.ResponseSpecificationImpl.body(ResponseSpecificationImpl.groovy:98)
at io.restassured.internal.ValidatableResponseOptionsImpl.body(ValidatableResponseOptionsImpl.java:238)
at io.restassured.internal.ValidatableResponseImpl.super$2$body(ValidatableResponseImpl.groovy)
at sun.reflect.NativeMethodAccessorImpl.invoke0(Native Method)
at sun.reflect.NativeMethodAccessorImpl.invoke(NativeMethodAccessorImpl.java:62)
at sun.reflect.DelegatingMethodAccessorImpl.invoke(DelegatingMethodAccessorImpl.java:43)
at java.lang.reflect.Method.invoke(Method.java:498)
at org.codehaus.groovy.reflection.CachedMethod.invoke(CachedMethod.java:107)
at groovy.lang.MetaMethod.doMethodInvoke(MetaMethod.java:323)
at groovy.lang.MetaClassImpl.invokeMethod(MetaClassImpl.java:1262)
at org.codehaus.groovy.runtime.ScriptBytecodeAdapter.invokeMethodOnSuperN(ScriptBytecodeAdapter.java:144)
at io.restassured.internal.ValidatableResponseImpl.body(ValidatableResponseImpl.groovy:293)
at io.restassured.internal.ValidatableResponseImpl.body(ValidatableResponseImpl.groovy)
at tests.CreateUpdateBookingTest.testCreateBookingWithNoPrice(APITest.java:69)
at sun.reflect.NativeMethodAccessorImpl.invoke0(Native Method)
at sun.reflect.NativeMethodAccessorImpl.invoke(NativeMethodAccessorImpl.java:62)
at sun.reflect.DelegatingMethodAccessorImpl.invoke(DelegatingMethodAccessorImpl.java:43)
at java.lang.reflect.Method.invoke(Method.java:498)
at org.testng.internal.MethodInvocationHelper.invokeMethod(MethodInvocationHelper.java:124)
at org.testng.internal.Invoker.invokeMethod(Invoker.java:583)
at org.testng.internal.Invoker.invokeTestMethod(Invoker.java:719)
at org.testng.internal.Invoker.invokeTestMethods(Invoker.java:989)
at org.testng.internal.TestMethodWorker.invokeTestMethods(TestMethodWorker.java:125)
at org.testng.internal.TestMethodWorker.run(TestMethodWorker.java:109)
at java.util.concurrent.ThreadPoolExecutor.runWorker(ThreadPoolExecutor.java:1149)
at java.util.concurrent.ThreadPoolExecutor$Worker.run(ThreadPoolExecutor.java:624)
at java.lang.Thread.run(Thread.java:748)
]]>
    </failure>
  </testcase> <!-- testCreateBookingWithNoPrice -->
</testsuite> <!-- tests.CreateUpdateBookingTest -->
