<?xml version="1.0" encoding="UTF-8"?>
<!-- Generated by org.testng.reporters.JUnitXMLReporter -->
<testsuite hostname="z-mac.local" ignored="0" name="API Tests" tests="4" failures="1" timestamp="24 Nov 2025 00:38:27 GMT" time="8.232" errors="0">
  <testcase name="testGetBooking" time="3.253" classname="tests.CreateUpdateBookingTest"/>
  <testcase name="testCreateBookingWithNoPrice" time="4.032" classname="tests.CreateUpdateBookingTest">
    <failure type="java.lang.AssertionError" message="1 expectation failed.
Response body doesn&amp;apos;t match expectation.
Expected: The content to match the given JSON schema.
warning: format attribute &amp;quot;date&amp;quot; not supported
    level: &amp;quot;warning&amp;quot;
    schema: {&amp;quot;loadingURI&amp;quot;:&amp;quot;file:/Users/nacer-zimu/IdeaProjects/APITesting/target/test-classes/schemas/bookingSchema.json#&amp;quot;,&amp;quot;pointer&amp;quot;:&amp;quot;/properties/booking/properties/bookingdates/properties/checkin&amp;quot;}
    domain: &amp;quot;validation&amp;quot;
    keyword: &amp;quot;format&amp;quot;
    attribute: &amp;quot;date&amp;quot;
warning: format attribute &amp;quot;date&amp;quot; not supported
    level: &amp;quot;warning&amp;quot;
    schema: {&amp;quot;loadingURI&amp;quot;:&amp;quot;file:/Users/nacer-zimu/IdeaProjects/APITesting/target/test-classes/schemas/bookingSchema.json#&amp;quot;,&amp;quot;pointer&amp;quot;:&amp;quot;/properties/booking/properties/bookingdates/properties/checkout&amp;quot;}
    domain: &amp;quot;validation&amp;quot;
    keyword: &amp;quot;format&amp;quot;
    attribute: &amp;quot;date&amp;quot;
error: instance type (null) does not match any allowed primitive type (allowed: [&amp;quot;integer&amp;quot;,&amp;quot;number&amp;quot;])
    level: &amp;quot;error&amp;quot;
    schema: {&amp;quot;loadingURI&amp;quot;:&amp;quot;file:/Users/nacer-zimu/IdeaProjects/APITesting/target/test-classes/schemas/bookingSchema.json#&amp;quot;,&amp;quot;pointer&amp;quot;:&amp;quot;/properties/booking/properties/totalprice&amp;quot;}
    instance: {&amp;quot;pointer&amp;quot;:&amp;quot;/booking/totalprice&amp;quot;}
    domain: &amp;quot;validation&amp;quot;
    keyword: &amp;quot;type&amp;quot;
    found: &amp;quot;null&amp;quot;
    expected: [&amp;quot;integer&amp;quot;,&amp;quot;number&amp;quot;]

  Actual: {&amp;quot;bookingid&amp;quot;:3910,&amp;quot;booking&amp;quot;:{&amp;quot;firstname&amp;quot;:&amp;quot;Ali&amp;quot;,&amp;quot;lastname&amp;quot;:&amp;quot;Nadim&amp;quot;,&amp;quot;totalprice&amp;quot;:null,&amp;quot;depositpaid&amp;quot;:true,&amp;quot;bookingdates&amp;quot;:{&amp;quot;checkin&amp;quot;:&amp;quot;2025-11-22&amp;quot;,&amp;quot;checkout&amp;quot;:&amp;quot;2025-11-25&amp;quot;},&amp;quot;additionalneeds&amp;quot;:&amp;quot;Breakfast&amp;quot;}}
">
        <![CDATA[java.lang.AssertionError: 1 expectation failed.
Response body doesn't match expectation.
Expected: The content to match the given JSON schema.
warning: format attribute "date" not supported
    level: "warning"
    schema: {"loadingURI":"file:/Users/nacer-zimu/IdeaProjects/APITesting/target/test-classes/schemas/bookingSchema.json#","pointer":"/properties/booking/properties/bookingdates/properties/checkin"}
    domain: "validation"
    keyword: "format"
    attribute: "date"
warning: format attribute "date" not supported
    level: "warning"
    schema: {"loadingURI":"file:/Users/nacer-zimu/IdeaProjects/APITesting/target/test-classes/schemas/bookingSchema.json#","pointer":"/properties/booking/properties/bookingdates/properties/checkout"}
    domain: "validation"
    keyword: "format"
    attribute: "date"
error: instance type (null) does not match any allowed primitive type (allowed: ["integer","number"])
    level: "error"
    schema: {"loadingURI":"file:/Users/nacer-zimu/IdeaProjects/APITesting/target/test-classes/schemas/bookingSchema.json#","pointer":"/properties/booking/properties/totalprice"}
    instance: {"pointer":"/booking/totalprice"}
    domain: "validation"
    keyword: "type"
    found: "null"
    expected: ["integer","number"]

  Actual: {"bookingid":3910,"booking":{"firstname":"Ali","lastname":"Nadim","totalprice":null,"depositpaid":true,"bookingdates":{"checkin":"2025-11-22","checkout":"2025-11-25"},"additionalneeds":"Breakfast"}}

at org.codehaus.groovy.runtime.callsite.ConstructorSite$ConstructorSiteNoUnwrap.callConstructor(ConstructorSite.java:84)
at org.codehaus.groovy.runtime.callsite.CallSiteArray.defaultCallConstructor(CallSiteArray.java:59)
at org.codehaus.groovy.runtime.callsite.AbstractCallSite.callConstructor(AbstractCallSite.java:263)
at org.codehaus.groovy.runtime.callsite.AbstractCallSite.callConstructor(AbstractCallSite.java:277)
at io.restassured.internal.ResponseSpecificationImpl$HamcrestAssertionClosure.validate(ResponseSpecificationImpl.groovy:493)
at io.restassured.internal.ResponseSpecificationImpl$HamcrestAssertionClosure$validate$1.call(Unknown Source)
at io.restassured.internal.ResponseSpecificationImpl.validateResponseIfRequired(ResponseSpecificationImpl.groovy:674)
at org.codehaus.groovy.runtime.callsite.PlainObjectMetaMethodSite.doInvoke(PlainObjectMetaMethodSite.java:43)
at org.codehaus.groovy.runtime.callsite.PogoMetaMethodSite$PogoCachedMethodSiteNoUnwrapNoCoerce.invoke(PogoMetaMethodSite.java:193)
at org.codehaus.groovy.runtime.callsite.PogoMetaMethodSite.callCurrent(PogoMetaMethodSite.java:61)
at org.codehaus.groovy.runtime.callsite.AbstractCallSite.callCurrent(AbstractCallSite.java:185)
at org.codehaus.groovy.runtime.callsite.AbstractCallSite.callCurrent(AbstractCallSite.java:183)
at io.restassured.internal.ResponseSpecificationImpl.body(ResponseSpecificationImpl.groovy:98)
at io.restassured.internal.ValidatableResponseOptionsImpl.body(ValidatableResponseOptionsImpl.java:238)
at io.restassured.internal.ValidatableResponseImpl.super$2$body(ValidatableResponseImpl.groovy)
at groovy.lang.MetaMethod.doMethodInvoke(MetaMethod.java:323)
at groovy.lang.MetaClassImpl.invokeMethod(MetaClassImpl.java:1262)
at org.codehaus.groovy.runtime.ScriptBytecodeAdapter.invokeMethodOnSuperN(ScriptBytecodeAdapter.java:144)
at io.restassured.internal.ValidatableResponseImpl.body(ValidatableResponseImpl.groovy:293)
at io.restassured.internal.ValidatableResponseImpl.body(ValidatableResponseImpl.groovy)
at tests.CreateUpdateBookingTest.testCreateBookingWithNoPrice(APITest.java:69)
at java.util.concurrent.ThreadPoolExecutor.runWorker(ThreadPoolExecutor.java:1149)
at java.util.concurrent.ThreadPoolExecutor$Worker.run(ThreadPoolExecutor.java:624)
at java.lang.Thread.run(Thread.java:748)
... Removed 25 stack frames]]>
    </failure>
  </testcase> <!-- testCreateBookingWithNoPrice -->
  <testcase name="testCreateBooking" time="4.011" classname="tests.CreateUpdateBookingTest"/>
  <testcase name="testUpdateBooking" time="0.628" classname="tests.CreateUpdateBookingTest"/>
</testsuite> <!-- API Tests -->
